# JRE version: Java(TM) SE Runtime Environment (21.0.3+7) (build 21.0.3+7-LTS-152)
# Java VM: Java HotSpot(TM) 64-Bit Server VM (21.0.3+7-LTS-152, mixed mode, sharing, tiered, compressed oops, compressed class ptrs, g1 gc, windows-amd64)
GC Precious Log:
 CardTable entry size: 512
 Card Set container configuration: InlinePtr #cards 5 size 8 Array Of Cards #cards 12 size 40 Howl #buckets 4 coarsen threshold 1843 Howl Bitmap #cards 512 size 80 coarsen threshold 460 Card regions per heap region 1 cards per card region 2048
 CPUs: 4 total, 4 available
 Memory: 8052M
 Large Page Support: Disabled
 NUMA Support: Disabled
 Compressed Oops: Enabled (32-bit)
 Heap Region Size: 1M
 Heap Min Capacity: 8M
 Heap Initial Capacity: 126M
 Heap Max Capacity: 2014M
 Pre-touch: Disabled
 Parallel Workers: 4
 Concurrent Workers: 1
 Concurrent Refinement Workers: 4
 Periodic GC: Disabled
Heap:
 garbage-first heap   total 140288K, used 115245K [0x0000000082200000, 0x0000000100000000)
  region size 1024K, 76 young (77824K), 1 survivors (1024K)
 Metaspace       used 83636K, committed 84544K, reserved 1179648K
  class space    used 10953K, committed 11392K, reserved 1048576K
GC Heap History (20 events):
Event: 2146.323 GC heap before
{Heap before GC invocations=296 (full 0):
 garbage-first heap   total 140288K, used 122432K [0x0000000082200000, 0x0000000100000000)
  region size 1024K, 82 young (83968K), 1 survivors (1024K)
 Metaspace       used 83636K, committed 84544K, reserved 1179648K
  class space    used 10953K, committed 11392K, reserved 1048576K
}
Event: 2146.324 GC heap after
{Heap after GC invocations=297 (full 0):
 garbage-first heap   total 140288K, used 39426K [0x0000000082200000, 0x0000000100000000)
  region size 1024K, 1 young (1024K), 1 survivors (1024K)
 Metaspace       used 83636K, committed 84544K, reserved 1179648K
  class space    used 10953K, committed 11392K, reserved 1048576K
}
Event: 2153.473 GC heap before
{Heap before GC invocations=297 (full 0):
 garbage-first heap   total 140288K, used 122370K [0x0000000082200000, 0x0000000100000000)
  region size 1024K, 82 young (83968K), 1 survivors (1024K)
 Metaspace       used 83636K, committed 84544K, reserved 1179648K
  class space    used 10953K, committed 11392K, reserved 1048576K
}
Event: 2153.474 GC heap after
{Heap after GC invocations=298 (full 0):
 garbage-first heap   total 140288K, used 39460K [0x0000000082200000, 0x0000000100000000)
  region size 1024K, 1 young (1024K), 1 survivors (1024K)
 Metaspace       used 83636K, committed 84544K, reserved 1179648K
  class space    used 10953K, committed 11392K, reserved 1048576K
}
Event: 2160.106 GC heap before
{Heap before GC invocations=298 (full 0):
 garbage-first heap   total 140288K, used 122404K [0x0000000082200000, 0x0000000100000000)
  region size 1024K, 82 young (83968K), 1 survivors (1024K)
 Metaspace       used 83636K, committed 84544K, reserved 1179648K
  class space    used 10953K, committed 11392K, reserved 1048576K
}
Event: 2160.107 GC heap after
{Heap after GC invocations=299 (full 0):
 garbage-first heap   total 140288K, used 39467K [0x0000000082200000, 0x0000000100000000)
  region size 1024K, 1 young (1024K), 1 survivors (1024K)
 Metaspace       used 83636K, committed 84544K, reserved 1179648K
  class space    used 10953K, committed 11392K, reserved 1048576K
}
Event: 2168.982 GC heap before
{Heap before GC invocations=299 (full 0):
 garbage-first heap   total 140288K, used 122411K [0x0000000082200000, 0x0000000100000000)
  region size 1024K, 82 young (83968K), 1 survivors (1024K)
 Metaspace       used 83636K, committed 84544K, reserved 1179648K
  class space    used 10953K, committed 11392K, reserved 1048576K
}
Event: 2168.983 GC heap after
{Heap after GC invocations=300 (full 0):
 garbage-first heap   total 140288K, used 39480K [0x0000000082200000, 0x0000000100000000)
  region size 1024K, 1 young (1024K), 1 survivors (1024K)
 Metaspace       used 83636K, committed 84544K, reserved 1179648K
  class space    used 10953K, committed 11392K, reserved 1048576K
}
Event: 2176.636 GC heap before
{Heap before GC invocations=300 (full 0):
 garbage-first heap   total 140288K, used 122424K [0x0000000082200000, 0x0000000100000000)
  region size 1024K, 82 young (83968K), 1 survivors (1024K)
 Metaspace       used 83636K, committed 84544K, reserved 1179648K
  class space    used 10953K, committed 11392K, reserved 1048576K
}
Event: 2176.637 GC heap after
{Heap after GC invocations=301 (full 0):
 garbage-first heap   total 140288K, used 39466K [0x0000000082200000, 0x0000000100000000)
  region size 1024K, 1 young (1024K), 1 survivors (1024K)
 Metaspace       used 83636K, committed 84544K, reserved 1179648K
  class space    used 10953K, committed 11392K, reserved 1048576K
}
Event: 2189.026 GC heap before
{Heap before GC invocations=301 (full 0):
 garbage-first heap   total 140288K, used 122410K [0x0000000082200000, 0x0000000100000000)
  region size 1024K, 82 young (83968K), 1 survivors (1024K)
 Metaspace       used 83636K, committed 84544K, reserved 1179648K
  class space    used 10953K, committed 11392K, reserved 1048576K
}
Event: 2189.028 GC heap after
{Heap after GC invocations=302 (full 0):
 garbage-first heap   total 140288K, used 39464K [0x0000000082200000, 0x0000000100000000)
  region size 1024K, 1 young (1024K), 1 survivors (1024K)
 Metaspace       used 83636K, committed 84544K, reserved 1179648K
  class space    used 10953K, committed 11392K, reserved 1048576K
}
Event: 2199.207 GC heap before
{Heap before GC invocations=302 (full 0):
 garbage-first heap   total 140288K, used 122408K [0x0000000082200000, 0x0000000100000000)
  region size 1024K, 82 young (83968K), 1 survivors (1024K)
 Metaspace       used 83636K, committed 84544K, reserved 1179648K
  class space    used 10953K, committed 11392K, reserved 1048576K
}
Event: 2199.208 GC heap after
{Heap after GC invocations=303 (full 0):
 garbage-first heap   total 140288K, used 39475K [0x0000000082200000, 0x0000000100000000)
  region size 1024K, 1 young (1024K), 1 survivors (1024K)
 Metaspace       used 83636K, committed 84544K, reserved 1179648K
  class space    used 10953K, committed 11392K, reserved 1048576K
}
Event: 2207.058 GC heap before
{Heap before GC invocations=303 (full 0):
 garbage-first heap   total 140288K, used 122419K [0x0000000082200000, 0x0000000100000000)
  region size 1024K, 82 young (83968K), 1 survivors (1024K)
 Metaspace       used 83636K, committed 84544K, reserved 1179648K
  class space    used 10953K, committed 11392K, reserved 1048576K
}
Event: 2207.059 GC heap after
{Heap after GC invocations=304 (full 0):
 garbage-first heap   total 140288K, used 39436K [0x0000000082200000, 0x0000000100000000)
  region size 1024K, 1 young (1024K), 1 survivors (1024K)
 Metaspace       used 83636K, committed 84544K, reserved 1179648K
  class space    used 10953K, committed 11392K, reserved 1048576K
}
Event: 2216.107 GC heap before
{Heap before GC invocations=304 (full 0):
 garbage-first heap   total 140288K, used 122380K [0x0000000082200000, 0x0000000100000000)
  region size 1024K, 82 young (83968K), 1 survivors (1024K)
 Metaspace       used 83636K, committed 84544K, reserved 1179648K
  class space    used 10953K, committed 11392K, reserved 1048576K
}
Event: 2216.108 GC heap after
{Heap after GC invocations=305 (full 0):
 garbage-first heap   total 140288K, used 39443K [0x0000000082200000, 0x0000000100000000)
  region size 1024K, 1 young (1024K), 1 survivors (1024K)
 Metaspace       used 83636K, committed 84544K, reserved 1179648K
  class space    used 10953K, committed 11392K, reserved 1048576K
}
Event: 2223.725 GC heap before
{Heap before GC invocations=305 (full 0):
 garbage-first heap   total 140288K, used 122387K [0x0000000082200000, 0x0000000100000000)
  region size 1024K, 82 young (83968K), 1 survivors (1024K)
 Metaspace       used 83636K, committed 84544K, reserved 1179648K
  class space    used 10953K, committed 11392K, reserved 1048576K
}
Event: 2223.726 GC heap after
{Heap after GC invocations=306 (full 0):
 garbage-first heap   total 140288K, used 39469K [0x0000000082200000, 0x0000000100000000)
  region size 1024K, 1 young (1024K), 1 survivors (1024K)
 Metaspace       used 83636K, committed 84544K, reserved 1179648K
  class space    used 10953K, committed 11392K, reserved 1048576K
}

