# JRE version: Java(TM) SE Runtime Environment (21.0.3+7) (build 21.0.3+7-LTS-152)
# Java VM: Java HotSpot(TM) 64-Bit Server VM (21.0.3+7-LTS-152, mixed mode, sharing, tiered, compressed oops, compressed class ptrs, g1 gc, windows-amd64)
GC Precious Log:
 CardTable entry size: 512
 Card Set container configuration: InlinePtr #cards 5 size 8 Array Of Cards #cards 12 size 40 Howl #buckets 4 coarsen threshold 1843 Howl Bitmap #cards 512 size 80 coarsen threshold 460 Card regions per heap region 1 cards per card region 2048
 CPUs: 4 total, 4 available
 Memory: 8052M
 Large Page Support: Disabled
 NUMA Support: Disabled
 Compressed Oops: Enabled (32-bit)
 Heap Region Size: 1M
 Heap Min Capacity: 8M
 Heap Initial Capacity: 126M
 Heap Max Capacity: 2014M
 Pre-touch: Disabled
 Parallel Workers: 4
 Concurrent Workers: 1
 Concurrent Refinement Workers: 4
 Periodic GC: Disabled
Heap:
 garbage-first heap   total 55296K, used 27648K [0x0000000082200000, 0x0000000100000000)
  region size 1024K, 4 young (4096K), 3 survivors (3072K)
 Metaspace       used 59996K, committed 60672K, reserved 1114112K
  class space    used 8067K, committed 8320K, reserved 1048576K
GC Heap History (20 events):
Event: 6.035 GC heap before
{Heap before GC invocations=3 (full 0):
 garbage-first heap   total 129024K, used 41729K [0x0000000082200000, 0x0000000100000000)
  region size 1024K, 37 young (37888K), 4 survivors (4096K)
 Metaspace       used 21219K, committed 21504K, reserved 1114112K
  class space    used 2657K, committed 2816K, reserved 1048576K
}
Event: 6.056 GC heap after
{Heap after GC invocations=4 (full 0):
 garbage-first heap   total 129024K, used 14271K [0x0000000082200000, 0x0000000100000000)
  region size 1024K, 8 young (8192K), 8 survivors (8192K)
 Metaspace       used 21219K, committed 21504K, reserved 1114112K
  class space    used 2657K, committed 2816K, reserved 1048576K
}
Event: 7.594 GC heap before
{Heap before GC invocations=5 (full 0):
 garbage-first heap   total 55296K, used 38847K [0x0000000082200000, 0x0000000100000000)
  region size 1024K, 32 young (32768K), 8 survivors (8192K)
 Metaspace       used 23895K, committed 24192K, reserved 1114112K
  class space    used 2971K, committed 3136K, reserved 1048576K
}
Event: 7.611 GC heap after
{Heap after GC invocations=6 (full 0):
 garbage-first heap   total 55296K, used 15850K [0x0000000082200000, 0x0000000100000000)
  region size 1024K, 3 young (3072K), 3 survivors (3072K)
 Metaspace       used 23895K, committed 24192K, reserved 1114112K
  class space    used 2971K, committed 3136K, reserved 1048576K
}
Event: 9.226 GC heap before
{Heap before GC invocations=6 (full 0):
 garbage-first heap   total 55296K, used 42474K [0x0000000082200000, 0x0000000100000000)
  region size 1024K, 29 young (29696K), 3 survivors (3072K)
 Metaspace       used 27705K, committed 28160K, reserved 1114112K
  class space    used 3474K, committed 3648K, reserved 1048576K
}
Event: 9.238 GC heap after
{Heap after GC invocations=7 (full 0):
 garbage-first heap   total 55296K, used 17995K [0x0000000082200000, 0x0000000100000000)
  region size 1024K, 4 young (4096K), 4 survivors (4096K)
 Metaspace       used 27705K, committed 28160K, reserved 1114112K
  class space    used 3474K, committed 3648K, reserved 1048576K
}
Event: 10.829 GC heap before
{Heap before GC invocations=7 (full 0):
 garbage-first heap   total 55296K, used 43595K [0x0000000082200000, 0x0000000100000000)
  region size 1024K, 30 young (30720K), 4 survivors (4096K)
 Metaspace       used 32465K, committed 32960K, reserved 1114112K
  class space    used 4115K, committed 4352K, reserved 1048576K
}
Event: 10.844 GC heap after
{Heap after GC invocations=8 (full 0):
 garbage-first heap   total 55296K, used 20885K [0x0000000082200000, 0x0000000100000000)
  region size 1024K, 3 young (3072K), 3 survivors (3072K)
 Metaspace       used 32465K, committed 32960K, reserved 1114112K
  class space    used 4115K, committed 4352K, reserved 1048576K
}
Event: 12.264 GC heap before
{Heap before GC invocations=8 (full 0):
 garbage-first heap   total 55296K, used 36245K [0x0000000082200000, 0x0000000100000000)
  region size 1024K, 20 young (20480K), 3 survivors (3072K)
 Metaspace       used 35445K, committed 35968K, reserved 1114112K
  class space    used 4532K, committed 4800K, reserved 1048576K
}
Event: 12.280 GC heap after
{Heap after GC invocations=9 (full 0):
 garbage-first heap   total 55296K, used 21706K [0x0000000082200000, 0x0000000100000000)
  region size 1024K, 2 young (2048K), 2 survivors (2048K)
 Metaspace       used 35445K, committed 35968K, reserved 1114112K
  class space    used 4532K, committed 4800K, reserved 1048576K
}
Event: 14.104 GC heap before
{Heap before GC invocations=10 (full 0):
 garbage-first heap   total 55296K, used 45258K [0x0000000082200000, 0x0000000100000000)
  region size 1024K, 26 young (26624K), 2 survivors (2048K)
 Metaspace       used 42858K, committed 43456K, reserved 1114112K
  class space    used 5626K, committed 5888K, reserved 1048576K
}
Event: 14.114 GC heap after
{Heap after GC invocations=11 (full 0):
 garbage-first heap   total 55296K, used 23320K [0x0000000082200000, 0x0000000100000000)
  region size 1024K, 3 young (3072K), 3 survivors (3072K)
 Metaspace       used 42858K, committed 43456K, reserved 1114112K
  class space    used 5626K, committed 5888K, reserved 1048576K
}
Event: 15.339 GC heap before
{Heap before GC invocations=11 (full 0):
 garbage-first heap   total 55296K, used 46872K [0x0000000082200000, 0x0000000100000000)
  region size 1024K, 27 young (27648K), 3 survivors (3072K)
 Metaspace       used 48982K, committed 49536K, reserved 1114112K
  class space    used 6422K, committed 6656K, reserved 1048576K
}
Event: 15.352 GC heap after
{Heap after GC invocations=12 (full 0):
 garbage-first heap   total 55296K, used 24800K [0x0000000082200000, 0x0000000100000000)
  region size 1024K, 4 young (4096K), 4 survivors (4096K)
 Metaspace       used 48982K, committed 49536K, reserved 1114112K
  class space    used 6422K, committed 6656K, reserved 1048576K
}
Event: 16.298 GC heap before
{Heap before GC invocations=12 (full 0):
 garbage-first heap   total 55296K, used 45280K [0x0000000082200000, 0x0000000100000000)
  region size 1024K, 25 young (25600K), 4 survivors (4096K)
 Metaspace       used 54750K, committed 55296K, reserved 1114112K
  class space    used 7370K, committed 7616K, reserved 1048576K
}
Event: 16.308 GC heap after
{Heap after GC invocations=13 (full 0):
 garbage-first heap   total 55296K, used 25528K [0x0000000082200000, 0x0000000100000000)
  region size 1024K, 3 young (3072K), 3 survivors (3072K)
 Metaspace       used 54750K, committed 55296K, reserved 1114112K
  class space    used 7370K, committed 7616K, reserved 1048576K
}
Event: 17.168 GC heap before
{Heap before GC invocations=13 (full 0):
 garbage-first heap   total 55296K, used 48056K [0x0000000082200000, 0x0000000100000000)
  region size 1024K, 25 young (25600K), 3 survivors (3072K)
 Metaspace       used 57793K, committed 58368K, reserved 1114112K
  class space    used 7809K, committed 8064K, reserved 1048576K
}
Event: 17.176 GC heap after
{Heap after GC invocations=14 (full 0):
 garbage-first heap   total 55296K, used 26415K [0x0000000082200000, 0x0000000100000000)
  region size 1024K, 2 young (2048K), 2 survivors (2048K)
 Metaspace       used 57793K, committed 58368K, reserved 1114112K
  class space    used 7809K, committed 8064K, reserved 1048576K
}
Event: 18.124 GC heap before
{Heap before GC invocations=14 (full 0):
 garbage-first heap   total 55296K, used 37679K [0x0000000082200000, 0x0000000100000000)
  region size 1024K, 14 young (14336K), 2 survivors (2048K)
 Metaspace       used 59818K, committed 60416K, reserved 1114112K
  class space    used 8042K, committed 8320K, reserved 1048576K
}
Event: 18.134 GC heap after
{Heap after GC invocations=15 (full 0):
 garbage-first heap   total 55296K, used 27648K [0x0000000082200000, 0x0000000100000000)
  region size 1024K, 3 young (3072K), 3 survivors (3072K)
 Metaspace       used 59818K, committed 60416K, reserved 1114112K
  class space    used 8042K, committed 8320K, reserved 1048576K
}

